Error - No Temperature could be read
Time limit for this program set to 10 seconds
Size 512 naive CPU: 2.232928 ms
Size 512 GPU memcpy: 0.042240 ms
Size 512 naive GPU: 0.934880 ms
Size 512 shmem GPU: 0.018272 ms
Size 512 optimal GPU: 0.014752 ms

Size 1024 naive CPU: 9.338208 ms
Size 1024 GPU memcpy: 0.046272 ms
Size 1024 naive GPU: 0.141696 ms
Size 1024 shmem GPU: 0.033792 ms
Size 1024 optimal GPU: 0.031232 ms

Size 2048 naive CPU: 40.729153 ms
Size 2048 GPU memcpy: 0.114112 ms
Size 2048 naive GPU: 0.529376 ms
Size 2048 shmem GPU: 0.091200 ms
Size 2048 optimal GPU: 0.098336 ms

Size 4096 naive CPU: 189.284286 ms
Size 4096 GPU memcpy: 0.385056 ms
Size 4096 naive GPU: 2.402624 ms
Size 4096 shmem GPU: 0.361408 ms
Size 4096 optimal GPU: 0.360064 ms

